<?xml version="1.0" encoding="UTF-8"?>
<!-- Generated by org.testng.reporters.JUnitXMLReporter -->
<testsuite ignored="0" hostname="DESKTOP-J6AJU5Q" failures="0" tests="2" name="Default test" time="15.373" errors="0" timestamp="2023-05-08T17:35:26 IST">
  <testcase classname="testcases.VerifyCheckboxandRadioButton" name="VerifyRegistration" time="0.018"/>
  <testcase classname="testcases.VerifyCheckboxandRadioButton" name="VerifyCheckboxesAndRadioButtonsBehav" time="0.195"/>
</testsuite> <!-- Default test -->
