<?xml version="1.0" encoding="UTF-8"?>
<!-- Generated by org.testng.reporters.JUnitXMLReporter -->
<testsuite ignored="2" hostname="DESKTOP-J6AJU5Q" failures="0" tests="2" name="Test" time="14.337" errors="0" timestamp="2023-05-08T17:39:27 IST">
  <testcase classname="testcases.VerifyOmayBloghomePage" name="VerifyOmayBloghomePage" time="0.726"/>
  <testcase classname="testcases.VerifyCheckboxandRadioButton" name="VerifyCheckboxesAndRadioButtonsBehav" time="0.177"/>
  <testcase classname="testcases.VerifyCheckboxandRadioButton" name="VerifyRegistration" time="0.0">
    <ignored/>
  </testcase> <!-- VerifyRegistration -->
  <testcase classname="testcases.VerifyOmayBloghomePage" name="VerifyRegistration" time="0.0">
    <ignored/>
  </testcase> <!-- VerifyRegistration -->
</testsuite> <!-- Test -->
